

Started GET "/" for 127.0.0.1 at 2014-07-15 21:09:48 -0400
Processing by Rails::WelcomeController#index as HTML
  Rendered /Users/reidcovington/.rvm/gems/ruby-2.1.2/gems/railties-4.1.4/lib/rails/templates/rails/welcome/index.html.erb (2.2ms)
Completed 200 OK in 18ms (Views: 8.9ms | ActiveRecord: 0.0ms)


Started GET "/users/new" for 127.0.0.1 at 2014-07-15 21:09:55 -0400

ActionController::RoutingError (No route matches [GET] "/users/new"):
  actionpack (4.1.4) lib/action_dispatch/middleware/debug_exceptions.rb:21:in `call'
  actionpack (4.1.4) lib/action_dispatch/middleware/show_exceptions.rb:30:in `call'
  railties (4.1.4) lib/rails/rack/logger.rb:38:in `call_app'
  railties (4.1.4) lib/rails/rack/logger.rb:20:in `block in call'
  activesupport (4.1.4) lib/active_support/tagged_logging.rb:68:in `block in tagged'
  activesupport (4.1.4) lib/active_support/tagged_logging.rb:26:in `tagged'
  activesupport (4.1.4) lib/active_support/tagged_logging.rb:68:in `tagged'
  railties (4.1.4) lib/rails/rack/logger.rb:20:in `call'
  actionpack (4.1.4) lib/action_dispatch/middleware/request_id.rb:21:in `call'
  rack (1.5.2) lib/rack/methodoverride.rb:21:in `call'
  rack (1.5.2) lib/rack/runtime.rb:17:in `call'
  activesupport (4.1.4) lib/active_support/cache/strategy/local_cache_middleware.rb:26:in `call'
  rack (1.5.2) lib/rack/lock.rb:17:in `call'
  actionpack (4.1.4) lib/action_dispatch/middleware/static.rb:64:in `call'
  rack (1.5.2) lib/rack/sendfile.rb:112:in `call'
  railties (4.1.4) lib/rails/engine.rb:514:in `call'
  railties (4.1.4) lib/rails/application.rb:144:in `call'
  rack (1.5.2) lib/rack/lock.rb:17:in `call'
  rack (1.5.2) lib/rack/content_length.rb:14:in `call'
  rack (1.5.2) lib/rack/handler/webrick.rb:60:in `service'
  /Users/reidcovington/.rvm/rubies/ruby-2.1.2/lib/ruby/2.1.0/webrick/httpserver.rb:138:in `service'
  /Users/reidcovington/.rvm/rubies/ruby-2.1.2/lib/ruby/2.1.0/webrick/httpserver.rb:94:in `run'
  /Users/reidcovington/.rvm/rubies/ruby-2.1.2/lib/ruby/2.1.0/webrick/server.rb:295:in `block in start_thread'


  Rendered /Users/reidcovington/.rvm/gems/ruby-2.1.2/gems/actionpack-4.1.4/lib/action_dispatch/middleware/templates/rescues/_trace.html.erb (1.0ms)
  Rendered /Users/reidcovington/.rvm/gems/ruby-2.1.2/gems/actionpack-4.1.4/lib/action_dispatch/middleware/templates/routes/_table.html.erb (7.3ms)
  Rendered /Users/reidcovington/.rvm/gems/ruby-2.1.2/gems/actionpack-4.1.4/lib/action_dispatch/middleware/templates/rescues/routing_error.html.erb within rescues/layout (20.7ms)
